Change Component Designator: OldDesignator=P? NewDesignator=7seg-1
Change Component Designator: OldDesignator=P? NewDesignator=7seg-2
Change Component Designator: OldDesignator=P? NewDesignator=header
Change Component Designator: OldDesignator=P? NewDesignator=sturing
Change Net Name : Old Net Name=NetP?_1 New Net Name=Net7seg-2_9
Change Net Name : Old Net Name=NetP?_2 New Net Name=Net7seg-1_2
Change Net Name : Old Net Name=NetP?_3 New Net Name=Net7seg-1_7
Change Net Name : Old Net Name=NetP?_4 New Net Name=Net7seg-1_4
Change Net Name : Old Net Name=NetP?_5 New Net Name=Net7seg-1_5
Added Pin To Net: NetName=Net7seg-1_1 Pin=7seg-1-1
Added Pin To Net: NetName=Net7seg-1_1 Pin=7seg-2-1
Added Pin To Net: NetName=Net7seg-1_1 Pin=sturing-9
Added Net: Name=Net7seg-1_1
Added Pin To Net: NetName=Net7seg-1_3 Pin=7seg-1-3
Added Pin To Net: NetName=Net7seg-1_3 Pin=7seg-2-3
Added Pin To Net: NetName=Net7seg-1_3 Pin=sturing-7
Added Net: Name=Net7seg-1_3
Added Pin To Net: NetName=Net7seg-1_6 Pin=7seg-1-6
Added Pin To Net: NetName=Net7seg-1_6 Pin=7seg-2-6
Added Pin To Net: NetName=Net7seg-1_6 Pin=sturing-4
Added Net: Name=Net7seg-1_6
Added Pin To Net: NetName=Net7seg-1_8 Pin=7seg-1-8
Added Pin To Net: NetName=Net7seg-1_8 Pin=sturing-2
Added Net: Name=Net7seg-1_8
Added Pin To Net: NetName=Net7seg-1_9 Pin=7seg-1-9
Added Pin To Net: NetName=Net7seg-1_9 Pin=header-2
Added Net: Name=Net7seg-1_9
Added Pin To Net: NetName=Net7seg-1_10 Pin=7seg-1-10
Added Pin To Net: NetName=Net7seg-1_10 Pin=7seg-2-10
Added Pin To Net: NetName=Net7seg-1_10 Pin=header-3
Added Net: Name=Net7seg-1_10
Added Pin To Net: NetName=Net7seg-2_8 Pin=7seg-2-8
Added Pin To Net: NetName=Net7seg-2_8 Pin=sturing-1
Added Net: Name=Net7seg-2_8
Added Member To Class: ClassName=tussenprint Member=Component 7seg-2 Header 10
Added Member To Class: ClassName=tussenprint Member=Component header Header 3
Added Member To Class: ClassName=tussenprint Member=Component sturing Header 9
